<?xml version="1.0" encoding="UTF-8"?>
<!-- Generated by org.testng.reporters.JUnitXMLReporter -->
<testsuite ignored="0" hostname="LAPTOP-80RUN5J9" failures="0" tests="3" name="Default test" time="29.679" errors="0" timestamp="19 Nov 2021 06:35:13 GMT">
  <testcase classname="ccccc.AAAAAA" name="First_Login_Test" time="2.715"/>
  <testcase classname="ccccc.AAAAAA" name="AddInfo" time="5.49"/>
  <testcase classname="ccccc.AAAAAA" name="CustomerList" time="5.079"/>
</testsuite> <!-- Default test -->
